<?xml version="1.0" encoding="UTF-8"?>
<coverage generated="1710949308445" clover="3.2.0">
  <project timestamp="1710949308445" name="All files">
    <metrics statements="72" coveredstatements="57" conditionals="20" coveredconditionals="13" methods="20" coveredmethods="16" elements="112" coveredelements="86" complexity="0" loc="72" ncloc="72" packages="2" files="5" classes="5"/>
    <package name="components">
      <metrics statements="55" coveredstatements="44" conditionals="20" coveredconditionals="13" methods="16" coveredmethods="13"/>
      <file name="Body.js" path="F:\Namste React\Codes\Episode 13 - Time for the test\Code\src\components\Body.js">
        <metrics statements="39" coveredstatements="36" conditionals="16" coveredconditionals="12" methods="11" coveredmethods="11"/>
        <line num="10" count="1" type="stmt"/>
        <line num="12" count="13" type="stmt"/>
        <line num="13" count="13" type="stmt"/>
        <line num="14" count="13" type="stmt"/>
        <line num="15" count="13" type="stmt"/>
        <line num="16" count="13" type="stmt"/>
        <line num="18" count="13" type="stmt"/>
        <line num="19" count="13" type="stmt"/>
        <line num="22" count="13" type="stmt"/>
        <line num="23" count="3" type="stmt"/>
        <line num="26" count="13" type="stmt"/>
        <line num="27" count="4" type="stmt"/>
        <line num="30" count="13" type="stmt"/>
        <line num="32" count="5" type="stmt"/>
        <line num="33" count="40" type="stmt"/>
        <line num="39" count="5" type="cond" truecount="3" falsecount="1"/>
        <line num="42" count="5" type="stmt"/>
        <line num="46" count="13" type="stmt"/>
        <line num="47" count="3" type="stmt"/>
        <line num="50" count="3" type="stmt"/>
        <line num="56" count="3" type="stmt"/>
        <line num="59" count="3" type="stmt"/>
        <line num="65" count="13" type="stmt"/>
        <line num="66" count="1" type="stmt"/>
        <line num="67" count="20" type="stmt"/>
        <line num="70" count="1" type="cond" truecount="1" falsecount="1"/>
        <line num="71" count="1" type="stmt"/>
        <line num="73" count="1" type="stmt"/>
        <line num="76" count="0" type="stmt"/>
        <line num="78" count="0" type="stmt"/>
        <line num="83" count="13" type="stmt"/>
        <line num="86" count="13" type="cond" truecount="1" falsecount="1"/>
        <line num="87" count="0" type="stmt"/>
        <line num="91" count="13" type="cond" truecount="4" falsecount="0"/>
        <line num="93" count="6" type="stmt"/>
        <line num="97" count="48" type="stmt"/>
        <line num="104" count="7" type="stmt"/>
        <line num="115" count="1" type="stmt"/>
        <line num="122" count="1" type="stmt"/>
      </file>
      <file name="Help.js" path="F:\Namste React\Codes\Episode 13 - Time for the test\Code\src\components\Help.js">
        <metrics statements="2" coveredstatements="2" conditionals="0" coveredconditionals="0" methods="1" coveredmethods="1"/>
        <line num="1" count="1" type="stmt"/>
        <line num="2" count="6" type="stmt"/>
      </file>
      <file name="RestMenu.js" path="F:\Namste React\Codes\Episode 13 - Time for the test\Code\src\components\RestMenu.js">
        <metrics statements="14" coveredstatements="6" conditionals="4" coveredconditionals="1" methods="4" coveredmethods="1"/>
        <line num="17" count="1" type="stmt"/>
        <line num="18" count="1" type="stmt"/>
        <line num="19" count="1" type="stmt"/>
        <line num="22" count="1" type="stmt"/>
        <line num="26" count="1" type="cond" truecount="1" falsecount="1"/>
        <line num="27" count="1" type="stmt"/>
        <line num="37" count="0" type="stmt"/>
        <line num="43" count="0" type="stmt"/>
        <line num="45" count="0" type="stmt"/>
        <line num="46" count="0" type="stmt"/>
        <line num="48" count="0" type="stmt"/>
        <line num="92" count="0" type="stmt"/>
        <line num="97" count="0" type="stmt"/>
        <line num="98" count="0" type="stmt"/>
      </file>
    </package>
    <package name="utils">
      <metrics statements="17" coveredstatements="13" conditionals="0" coveredconditionals="0" methods="4" coveredmethods="3"/>
      <file name="appStore.js" path="F:\Namste React\Codes\Episode 13 - Time for the test\Code\src\utils\appStore.js">
        <metrics statements="1" coveredstatements="1" conditionals="0" coveredconditionals="0" methods="0" coveredmethods="0"/>
        <line num="3" count="2" type="stmt"/>
      </file>
      <file name="useRestMenu.js" path="F:\Namste React\Codes\Episode 13 - Time for the test\Code\src\utils\useRestMenu.js">
        <metrics statements="16" coveredstatements="12" conditionals="0" coveredconditionals="0" methods="4" coveredmethods="3"/>
        <line num="4" count="1" type="stmt"/>
        <line num="6" count="1" type="stmt"/>
        <line num="7" count="1" type="stmt"/>
        <line num="8" count="1" type="stmt"/>
        <line num="10" count="1" type="stmt"/>
        <line num="11" count="1" type="stmt"/>
        <line num="14" count="1" type="stmt"/>
        <line num="15" count="1" type="stmt"/>
        <line num="17" count="1" type="stmt"/>
        <line num="23" count="1" type="stmt"/>
        <line num="26" count="1" type="stmt"/>
        <line num="27" count="0" type="stmt"/>
        <line num="35" count="0" type="stmt"/>
        <line num="38" count="0" type="stmt"/>
        <line num="41" count="0" type="stmt"/>
        <line num="48" count="1" type="stmt"/>
      </file>
    </package>
  </project>
</coverage>
