{"F:\\Namste React\\Codes\\Episode 13 - Time for the test\\Code\\src\\sum.js": {"path":"F:\\Namste React\\Codes\\Episode 13 - Time for the test\\Code\\src\\sum.js","statementMap":{"0":{"start":{"line":1,"column":20},"end":{"line":1,"column":32}},"1":{"start":{"line":1,"column":29},"end":{"line":1,"column":32}}},"fnMap":{"0":{"name":"(anonymous_0)","decl":{"start":{"line":1,"column":20},"end":{"line":1,"column":21}},"loc":{"start":{"line":1,"column":29},"end":{"line":1,"column":32}},"line":1}},"branchMap":{},"s":{"0":1,"1":1},"f":{"0":1},"b":{},"_coverageSchema":"1a1c01bbd47fc00a2c39e90264f33305004495a9","hash":"79be21ca75e1fd47fbbe9ff6f5cb7997297a31f8"}
,"F:\\Namste React\\Codes\\Episode 13 - Time for the test\\Code\\src\\components\\Header.js": {"path":"F:\\Namste React\\Codes\\Episode 13 - Time for the test\\Code\\src\\components\\Header.js","statementMap":{"0":{"start":{"line":14,"column":15},"end":{"line":80,"column":1}},"1":{"start":{"line":23,"column":24},"end":{"line":23,"column":41}},"2":{"start":{"line":25,"column":20},"end":{"line":25,"column":60}},"3":{"start":{"line":25,"column":43},"end":{"line":25,"column":59}},"4":{"start":{"line":28,"column":2},"end":{"line":79,"column":4}},"5":{"start":{"line":70,"column":16},"end":{"line":70,"column":61}}},"fnMap":{"0":{"name":"(anonymous_0)","decl":{"start":{"line":14,"column":15},"end":{"line":14,"column":16}},"loc":{"start":{"line":14,"column":21},"end":{"line":80,"column":1}},"line":14},"1":{"name":"(anonymous_1)","decl":{"start":{"line":25,"column":32},"end":{"line":25,"column":33}},"loc":{"start":{"line":25,"column":43},"end":{"line":25,"column":59}},"line":25},"2":{"name":"(anonymous_2)","decl":{"start":{"line":69,"column":23},"end":{"line":69,"column":24}},"loc":{"start":{"line":69,"column":29},"end":{"line":71,"column":15}},"line":69}},"branchMap":{"0":{"loc":{"start":{"line":70,"column":23},"end":{"line":70,"column":59}},"type":"cond-expr","locations":[{"start":{"line":70,"column":41},"end":{"line":70,"column":49}},{"start":{"line":70,"column":52},"end":{"line":70,"column":59}}],"line":70}},"s":{"0":1,"1":4,"2":4,"3":7,"4":4,"5":1},"f":{"0":4,"1":7,"2":1},"b":{"0":[1,0]},"_coverageSchema":"1a1c01bbd47fc00a2c39e90264f33305004495a9","hash":"8cfef3f33db69ee964c0b1ccbcf602015ff4b6cf"}
,"F:\\Namste React\\Codes\\Episode 13 - Time for the test\\Code\\src\\components\\Help.js": {"path":"F:\\Namste React\\Codes\\Episode 13 - Time for the test\\Code\\src\\components\\Help.js","statementMap":{"0":{"start":{"line":1,"column":13},"end":{"line":23,"column":1}},"1":{"start":{"line":2,"column":2},"end":{"line":22,"column":4}}},"fnMap":{"0":{"name":"(anonymous_0)","decl":{"start":{"line":1,"column":13},"end":{"line":1,"column":14}},"loc":{"start":{"line":1,"column":19},"end":{"line":23,"column":1}},"line":1}},"branchMap":{},"s":{"0":1,"1":6},"f":{"0":6},"b":{},"_coverageSchema":"1a1c01bbd47fc00a2c39e90264f33305004495a9","hash":"caa91ea832aa5c230ff171a15c0f502894a3a1bb"}
,"F:\\Namste React\\Codes\\Episode 13 - Time for the test\\Code\\src\\utils\\appStore.js": {"path":"F:\\Namste React\\Codes\\Episode 13 - Time for the test\\Code\\src\\utils\\appStore.js","statementMap":{"0":{"start":{"line":3,"column":17},"end":{"line":7,"column":2}}},"fnMap":{},"branchMap":{},"s":{"0":1},"f":{},"b":{},"_coverageSchema":"1a1c01bbd47fc00a2c39e90264f33305004495a9","hash":"80aedf6d2c3694b4e58ed3b0da4e47990a5efb70"}
,"F:\\Namste React\\Codes\\Episode 13 - Time for the test\\Code\\src\\utils\\cartSlice.js": {"path":"F:\\Namste React\\Codes\\Episode 13 - Time for the test\\Code\\src\\utils\\cartSlice.js","statementMap":{"0":{"start":{"line":3,"column":18},"end":{"line":47,"column":2}},"1":{"start":{"line":10,"column":35},"end":{"line":12,"column":8}},"2":{"start":{"line":11,"column":8},"end":{"line":11,"column":58}},"3":{"start":{"line":14,"column":6},"end":{"line":18,"column":7}},"4":{"start":{"line":15,"column":8},"end":{"line":15,"column":56}},"5":{"start":{"line":17,"column":8},"end":{"line":17,"column":41}},"6":{"start":{"line":23,"column":20},"end":{"line":25,"column":8}},"7":{"start":{"line":24,"column":8},"end":{"line":24,"column":59}},"8":{"start":{"line":27,"column":6},"end":{"line":27,"column":39}},"9":{"start":{"line":31,"column":20},"end":{"line":33,"column":8}},"10":{"start":{"line":32,"column":8},"end":{"line":32,"column":59}},"11":{"start":{"line":35,"column":6},"end":{"line":39,"column":7}},"12":{"start":{"line":36,"column":8},"end":{"line":36,"column":41}},"13":{"start":{"line":38,"column":8},"end":{"line":38,"column":37}},"14":{"start":{"line":44,"column":6},"end":{"line":44,"column":29}},"15":{"start":{"line":54,"column":4},"end":{"line":54,"column":21}}},"fnMap":{"0":{"name":"(anonymous_0)","decl":{"start":{"line":9,"column":14},"end":{"line":9,"column":15}},"loc":{"start":{"line":9,"column":33},"end":{"line":19,"column":5}},"line":9},"1":{"name":"(anonymous_1)","decl":{"start":{"line":10,"column":57},"end":{"line":10,"column":58}},"loc":{"start":{"line":10,"column":67},"end":{"line":12,"column":7}},"line":10},"2":{"name":"(anonymous_2)","decl":{"start":{"line":21,"column":19},"end":{"line":21,"column":20}},"loc":{"start":{"line":21,"column":38},"end":{"line":28,"column":5}},"line":21},"3":{"name":"(anonymous_3)","decl":{"start":{"line":23,"column":42},"end":{"line":23,"column":43}},"loc":{"start":{"line":23,"column":52},"end":{"line":25,"column":7}},"line":23},"4":{"name":"(anonymous_4)","decl":{"start":{"line":30,"column":19},"end":{"line":30,"column":20}},"loc":{"start":{"line":30,"column":38},"end":{"line":40,"column":5}},"line":30},"5":{"name":"(anonymous_5)","decl":{"start":{"line":31,"column":42},"end":{"line":31,"column":43}},"loc":{"start":{"line":31,"column":52},"end":{"line":33,"column":7}},"line":31},"6":{"name":"(anonymous_6)","decl":{"start":{"line":42,"column":16},"end":{"line":42,"column":17}},"loc":{"start":{"line":42,"column":27},"end":{"line":45,"column":5}},"line":42}},"branchMap":{"0":{"loc":{"start":{"line":14,"column":6},"end":{"line":18,"column":7}},"type":"if","locations":[{"start":{"line":14,"column":6},"end":{"line":18,"column":7}},{"start":{"line":16,"column":13},"end":{"line":18,"column":7}}],"line":14},"1":{"loc":{"start":{"line":35,"column":6},"end":{"line":39,"column":7}},"type":"if","locations":[{"start":{"line":35,"column":6},"end":{"line":39,"column":7}},{"start":{"line":37,"column":13},"end":{"line":39,"column":7}}],"line":35}},"s":{"0":1,"1":0,"2":0,"3":0,"4":0,"5":0,"6":0,"7":0,"8":0,"9":0,"10":0,"11":0,"12":0,"13":0,"14":0,"15":1},"f":{"0":0,"1":0,"2":0,"3":0,"4":0,"5":0,"6":0},"b":{"0":[0,0],"1":[0,0]},"_coverageSchema":"1a1c01bbd47fc00a2c39e90264f33305004495a9","hash":"1dfcd9a92c5a7cf6bb12e023947a684ec666f37e"}
}
