{"F:\\Namste React\\Codes\\Episode 13 - Time for the test\\Code\\src\\sum.js": {"path":"F:\\Namste React\\Codes\\Episode 13 - Time for the test\\Code\\src\\sum.js","statementMap":{"0":{"start":{"line":1,"column":20},"end":{"line":1,"column":32}},"1":{"start":{"line":1,"column":29},"end":{"line":1,"column":32}}},"fnMap":{"0":{"name":"(anonymous_0)","decl":{"start":{"line":1,"column":20},"end":{"line":1,"column":21}},"loc":{"start":{"line":1,"column":29},"end":{"line":1,"column":32}},"line":1}},"branchMap":{},"s":{"0":1,"1":1},"f":{"0":1},"b":{},"_coverageSchema":"1a1c01bbd47fc00a2c39e90264f33305004495a9","hash":"79be21ca75e1fd47fbbe9ff6f5cb7997297a31f8"}
,"F:\\Namste React\\Codes\\Episode 13 - Time for the test\\Code\\src\\components\\Help.js": {"path":"F:\\Namste React\\Codes\\Episode 13 - Time for the test\\Code\\src\\components\\Help.js","statementMap":{"0":{"start":{"line":1,"column":13},"end":{"line":23,"column":1}},"1":{"start":{"line":2,"column":2},"end":{"line":22,"column":4}}},"fnMap":{"0":{"name":"(anonymous_0)","decl":{"start":{"line":1,"column":13},"end":{"line":1,"column":14}},"loc":{"start":{"line":1,"column":19},"end":{"line":23,"column":1}},"line":1}},"branchMap":{},"s":{"0":1,"1":6},"f":{"0":6},"b":{},"_coverageSchema":"1a1c01bbd47fc00a2c39e90264f33305004495a9","hash":"caa91ea832aa5c230ff171a15c0f502894a3a1bb"}
}
