TN:
SF:src\components\Body.js
FN:10,(anonymous_0)
FN:22,(anonymous_1)
FN:26,(anonymous_2)
FN:30,(anonymous_3)
FN:32,(anonymous_4)
FN:46,(anonymous_5)
FN:65,(anonymous_6)
FN:66,(anonymous_7)
FN:96,(anonymous_8)
FN:114,(anonymous_9)
FN:121,(anonymous_10)
FNF:11
FNH:11
FNDA:13,(anonymous_0)
FNDA:3,(anonymous_1)
FNDA:4,(anonymous_2)
FNDA:5,(anonymous_3)
FNDA:40,(anonymous_4)
FNDA:3,(anonymous_5)
FNDA:1,(anonymous_6)
FNDA:20,(anonymous_7)
FNDA:48,(anonymous_8)
FNDA:1,(anonymous_9)
FNDA:1,(anonymous_10)
DA:10,1
DA:12,13
DA:13,13
DA:14,13
DA:15,13
DA:16,13
DA:18,13
DA:19,13
DA:22,13
DA:23,3
DA:26,13
DA:27,4
DA:30,13
DA:32,5
DA:33,40
DA:39,5
DA:42,5
DA:46,13
DA:47,3
DA:50,3
DA:56,3
DA:59,3
DA:65,13
DA:66,1
DA:67,20
DA:70,1
DA:71,1
DA:73,1
DA:76,0
DA:78,0
DA:83,13
DA:86,13
DA:87,0
DA:91,13
DA:93,6
DA:97,48
DA:104,7
DA:115,1
DA:122,1
LF:39
LH:36
BRDA:39,0,0,0
BRDA:39,0,1,5
BRDA:39,1,0,5
BRDA:39,1,1,3
BRDA:70,2,0,1
BRDA:70,2,1,0
BRDA:86,3,0,0
BRDA:86,3,1,13
BRDA:91,4,0,6
BRDA:91,4,1,7
BRDA:91,5,0,13
BRDA:91,5,1,6
BRDA:131,6,0,1
BRDA:131,6,1,6
BRDA:137,7,0,7
BRDA:137,7,1,0
BRF:16
BRH:12
end_of_record
TN:
SF:src\components\RestMenu.js
FN:17,(anonymous_0)
FN:91,(anonymous_1)
FN:97,(anonymous_2)
FN:98,(anonymous_3)
FNF:4
FNH:1
FNDA:1,(anonymous_0)
FNDA:0,(anonymous_1)
FNDA:0,(anonymous_2)
FNDA:0,(anonymous_3)
DA:17,1
DA:18,1
DA:19,1
DA:22,1
DA:26,1
DA:27,1
DA:37,0
DA:43,0
DA:45,0
DA:46,0
DA:48,0
DA:92,0
DA:97,0
DA:98,0
LF:14
LH:6
BRDA:26,0,0,1
BRDA:26,0,1,0
BRDA:96,1,0,0
BRDA:96,1,1,0
BRF:4
BRH:1
end_of_record
TN:
SF:src\utils\appStore.js
FNF:0
FNH:0
DA:3,1
LF:1
LH:1
BRF:0
BRH:0
end_of_record
